<?xml version="1.0" encoding="UTF-8"?>
<!-- Generated by org.testng.reporters.JUnitReportReporter -->
<testsuite hostname="EPRURYAW0064" name="geometricObjects.groupTests.GroupTests" tests="3" failures="0" timestamp="23 Nov 2015 12:48:02 GMT" time="0.013" errors="0">
  <testcase name="quadrateCreation" time="0.001" classname="geometricObjects.groupTests.GroupTests"/>
  <testcase name="circleCreation" time="0.011" classname="geometricObjects.groupTests.GroupTests"/>
  <testcase name="rectangleCreation" time="0.001" classname="geometricObjects.groupTests.GroupTests"/>
</testsuite> <!-- geometricObjects.groupTests.GroupTests -->
