<?xml version="1.0" encoding="UTF-8"?>
<!-- Generated by org.testng.reporters.JUnitXMLReporter -->
<testsuite hostname="EPRURYAW0064" name="Parameter test" tests="3" failures="0" timestamp="23 Nov 2015 13:21:07 GMT" time="0.033" errors="0">
  <testcase name="circleCircumferenceTest" time="0.012" classname="geometricObjects.parametersTests.ParametersTest"/>
  <testcase name="quadratePerimeterTest" time="0.001" classname="geometricObjects.parametersTests.ParametersTest"/>
  <testcase name="rectanglePerimeterTest" time="0.001" classname="geometricObjects.parametersTests.ParametersTest"/>
</testsuite> <!-- Parameter test -->
