<?xml version="1.0" encoding="UTF-8"?>
<!-- Generated by org.testng.reporters.JUnitXMLReporter -->
<testsuite hostname="EPRURYAW0064" name="ConcreteFigureTests" tests="7" failures="0" timestamp="24 Nov 2015 06:50:29 GMT" time="0.038" errors="0">
  <testcase name="circumferenceTest" time="0.006" classname="geometricObjects.concreteTests.CircleTest"/>
  <testcase name="squareTest" time="0.001" classname="geometricObjects.concreteTests.CircleTest"/>
  <testcase name="squareTest" time="0.001" classname="geometricObjects.concreteTests.QuadrateTest"/>
  <testcase name="perimeterTest" time="0.001" classname="geometricObjects.concreteTests.QuadrateTest"/>
  <testcase name="isQuadrateTest" time="0.0" classname="geometricObjects.concreteTests.RectangleTest"/>
  <testcase name="perimeterTest" time="0.0" classname="geometricObjects.concreteTests.RectangleTest"/>
  <testcase name="squareTest" time="0.0" classname="geometricObjects.concreteTests.RectangleTest"/>
</testsuite> <!-- ConcreteFigureTests -->
