<?xml version="1.0" encoding="UTF-8"?>
<!-- Generated by org.testng.reporters.JUnitXMLReporter -->
<testsuite hostname="EPRURYAW0064" name="Figure test" tests="7" failures="0" timestamp="23 Nov 2015 12:18:12 GMT" time="0.035" errors="0">
  <testcase name="circumferenceTest" time="0.005" classname="geometricObjects.CircleTest"/>
  <testcase name="squareTest" time="0.0" classname="geometricObjects.CircleTest"/>
  <testcase name="perimeterTest" time="0.0" classname="geometricObjects.QuadrateTest"/>
  <testcase name="squareTest" time="0.001" classname="geometricObjects.QuadrateTest"/>
  <testcase name="isQuadrateTest" time="0.0" classname="geometricObjects.RectangleTest"/>
  <testcase name="perimeterTest" time="0.001" classname="geometricObjects.RectangleTest"/>
  <testcase name="squareTest" time="0.0" classname="geometricObjects.RectangleTest"/>
</testsuite> <!-- Figure test -->
